<?xml version="1.0" encoding="UTF-8"?>
<!-- Generated by org.testng.reporters.JUnitXMLReporter -->
<testsuite ignored="0" hostname="Krishnas-MacBook-Air.local" failures="0" tests="2" name="End to end framework test" time="2.174" errors="0" timestamp="27 Sept 2024 06:24:15 GMT">
  <testcase classname="org.rahulshettyacademy.TestUtils.AndroidBaseTest" name="@BeforeClass configureAppium" time="2.084">
    <failure type="org.openqa.selenium.SessionNotCreatedException" message="Could not start a new session. Response code 500. Message: An unknown server-side error occurred while processing the command. Original error: Neither ANDROID_HOME nor ANDROID_SDK_ROOT environment variable was exported. Read https://developer.android.com/studio/command-line/variables for more details 
Host info: host: &amp;apos;Krishnas-MacBook-Air.local&amp;apos;, ip: &amp;apos;2405:201:d03c:58a3:e088:e7b:ddd2:6ad6%en0&amp;apos;
Build info: version: &amp;apos;4.13.0&amp;apos;, revision: &amp;apos;ba948ece5b*&amp;apos;
System info: os.name: &amp;apos;Mac OS X&amp;apos;, os.arch: &amp;apos;aarch64&amp;apos;, os.version: &amp;apos;14.6.1&amp;apos;, java.version: &amp;apos;21.0.3&amp;apos;
Driver info: io.appium.java_client.android.AndroidDriver
Command: [null, newSession {capabilities=[{appium:chromedriverExecutable=/Users/krishnabros/Desktop/Projects/Appium/eclipse-workspace/AppiumFrameworkDesignCloud//src//test//java//org//rahulshettyacademy//drivers//chromedriver//chromedriver91, appium:deviceName=Vinay_Pixel8, platformName=ANDROID, appium:automationName=UIAutomator2, appium:app=/Users/krishnabros/Desktop/Projects/Appium/eclipse-workspace/AppiumFrameworkDesignCloud//src//test//java//org//rahulshettyacademy//resources//General-Store.apk}], desiredCapabilities=Capabilities {appium:app: /Users/krishnabros/Desktop/..., appium:automationName: UIAutomator2, appium:chromedriverExecutable: /Users/krishnabros/Desktop/..., appium:deviceName: Vinay_Pixel8, platformName: ANDROID}}]
Capabilities {appium:app: /Users/krishnabros/Desktop/..., appium:automationName: UIAutomator2, appium:chromedriverExecutable: /Users/krishnabros/Desktop/..., appium:deviceName: Vinay_Pixel8, platformName: ANDROID}">
      <![CDATA[org.openqa.selenium.SessionNotCreatedException: Could not start a new session. Response code 500. Message: An unknown server-side error occurred while processing the command. Original error: Neither ANDROID_HOME nor ANDROID_SDK_ROOT environment variable was exported. Read https://developer.android.com/studio/command-line/variables for more details 
Host info: host: 'Krishnas-MacBook-Air.local', ip: '2405:201:d03c:58a3:e088:e7b:ddd2:6ad6%en0'
Build info: version: '4.13.0', revision: 'ba948ece5b*'
System info: os.name: 'Mac OS X', os.arch: 'aarch64', os.version: '14.6.1', java.version: '21.0.3'
Driver info: io.appium.java_client.android.AndroidDriver
Command: [null, newSession {capabilities=[{appium:chromedriverExecutable=/Users/krishnabros/Desktop/Projects/Appium/eclipse-workspace/AppiumFrameworkDesignCloud//src//test//java//org//rahulshettyacademy//drivers//chromedriver//chromedriver91, appium:deviceName=Vinay_Pixel8, platformName=ANDROID, appium:automationName=UIAutomator2, appium:app=/Users/krishnabros/Desktop/Projects/Appium/eclipse-workspace/AppiumFrameworkDesignCloud//src//test//java//org//rahulshettyacademy//resources//General-Store.apk}], desiredCapabilities=Capabilities {appium:app: /Users/krishnabros/Desktop/..., appium:automationName: UIAutomator2, appium:chromedriverExecutable: /Users/krishnabros/Desktop/..., appium:deviceName: Vinay_Pixel8, platformName: ANDROID}}]
Capabilities {appium:app: /Users/krishnabros/Desktop/..., appium:automationName: UIAutomator2, appium:chromedriverExecutable: /Users/krishnabros/Desktop/..., appium:deviceName: Vinay_Pixel8, platformName: ANDROID}
at org.openqa.selenium.remote.ProtocolHandshake.createSession(ProtocolHandshake.java:140)
at io.appium.java_client.remote.AppiumProtocolHandshake.createSession(AppiumProtocolHandshake.java:133)
at io.appium.java_client.remote.AppiumProtocolHandshake.createSession(AppiumProtocolHandshake.java:102)
at io.appium.java_client.remote.AppiumCommandExecutor.createSession(AppiumCommandExecutor.java:182)
at io.appium.java_client.remote.AppiumCommandExecutor.execute(AppiumCommandExecutor.java:250)
at org.openqa.selenium.remote.RemoteWebDriver.execute(RemoteWebDriver.java:602)
at io.appium.java_client.AppiumDriver.startSession(AppiumDriver.java:274)
at org.openqa.selenium.remote.RemoteWebDriver.<init>(RemoteWebDriver.java:163)
at io.appium.java_client.AppiumDriver.<init>(AppiumDriver.java:89)
at io.appium.java_client.AppiumDriver.<init>(AppiumDriver.java:101)
at io.appium.java_client.android.AndroidDriver.<init>(AndroidDriver.java:113)
at org.rahulshettyacademy.TestUtils.AndroidBaseTest.configureAppium(AndroidBaseTest.java:48)
... Removed 26 stack frames]]>
    </failure>
  </testcase> <!-- @BeforeClass configureAppium -->
  <testcase classname="org.rahulshettyacademy.eCommerce_tc_4_Hybrid" name="@BeforeMethod preSetUp" time="0.001">
    <failure type="java.lang.NullPointerException" message="Cannot invoke &amp;quot;org.rahulshettyacademy.pageObjects.android.FormPage.setAppActivity()&amp;quot; because &amp;quot;this.formPage&amp;quot; is null">
      <![CDATA[java.lang.NullPointerException: Cannot invoke "org.rahulshettyacademy.pageObjects.android.FormPage.setAppActivity()" because "this.formPage" is null
at org.rahulshettyacademy.eCommerce_tc_4_Hybrid.preSetUp(eCommerce_tc_4_Hybrid.java:21)
... Removed 26 stack frames]]>
    </failure>
  </testcase> <!-- @BeforeMethod preSetUp -->
  <testcase classname="org.rahulshettyacademy.eCommerce_tc_4_Hybrid" name="@BeforeMethod preSetUp" time="0.0">
    <failure type="java.lang.NullPointerException" message="Cannot invoke &amp;quot;org.rahulshettyacademy.pageObjects.android.FormPage.setAppActivity()&amp;quot; because &amp;quot;this.formPage&amp;quot; is null">
      <![CDATA[java.lang.NullPointerException: Cannot invoke "org.rahulshettyacademy.pageObjects.android.FormPage.setAppActivity()" because "this.formPage" is null
at org.rahulshettyacademy.eCommerce_tc_4_Hybrid.preSetUp(eCommerce_tc_4_Hybrid.java:21)
... Removed 26 stack frames]]>
    </failure>
  </testcase> <!-- @BeforeMethod preSetUp -->
  <testcase classname="org.rahulshettyacademy.TestUtils.AndroidBaseTest" name="@AfterClass tearDown" time="0.0">
    <failure type="java.lang.NullPointerException" message="Cannot invoke &amp;quot;io.appium.java_client.android.AndroidDriver.quit()&amp;quot; because &amp;quot;this.driver&amp;quot; is null">
      <![CDATA[java.lang.NullPointerException: Cannot invoke "io.appium.java_client.android.AndroidDriver.quit()" because "this.driver" is null
at org.rahulshettyacademy.TestUtils.AndroidBaseTest.tearDown(AndroidBaseTest.java:55)
... Removed 24 stack frames]]>
    </failure>
  </testcase> <!-- @AfterClass tearDown -->
  <testcase classname="org.rahulshettyacademy.eCommerce_tc_4_Hybrid" name="FillForm" time="0.0">
    <skipped/>
  </testcase> <!-- FillForm -->
  <testcase classname="org.rahulshettyacademy.eCommerce_tc_4_Hybrid" name="FillForm" time="0.0">
    <skipped/>
  </testcase> <!-- FillForm -->
</testsuite> <!-- End to end framework test -->
