<?xml version="1.0" encoding="UTF-8"?>
<!-- Generated by org.testng.reporters.JUnitXMLReporter -->
<testsuite ignored="0" hostname="Krishnas-MacBook-Air.local" failures="0" tests="2" name="End to end framework test" time="43.871" errors="0" timestamp="27 Sep 2024 06:22:50 GMT">
  <testcase classname="org.rahulshettyacademy.eCommerce_tc_4_Hybrid" name="FillForm" time="14.045"/>
  <testcase classname="org.rahulshettyacademy.eCommerce_tc_4_Hybrid" name="FillForm" time="13.825"/>
</testsuite> <!-- End to end framework test -->
