<?xml version="1.0" encoding="UTF-8"?>
<!-- Generated by org.testng.reporters.JUnitXMLReporter -->
<testsuite ignored="0" hostname="Krishnas-MacBook-Air.local" failures="0" tests="2" name="Error validation test" time="36.978" errors="0" timestamp="27 Sep 2024 06:23:27 GMT">
  <testcase classname="org.rahulshettyacademy.eCommerce_tc_1" name="FillForm_ErrorValidation" time="7.065"/>
  <testcase classname="org.rahulshettyacademy.eCommerce_tc_1" name="FillForm_Positive" time="17.088"/>
</testsuite> <!-- Error validation test -->
